10-Sep-2024 15:08:36.172 INFO [main] org.apache.catalina.startup.VersionLoggerListener.log Nombre de la versión del servidor: Apache Tomcat/9.0.93
10-Sep-2024 15:08:36.174 INFO [main] org.apache.catalina.startup.VersionLoggerListener.log Server built:                      Aug 2 2024 21:24:59 UTC
10-Sep-2024 15:08:36.174 INFO [main] org.apache.catalina.startup.VersionLoggerListener.log Número de versión de servidor:     9.0.93.0
10-Sep-2024 15:08:36.174 INFO [main] org.apache.catalina.startup.VersionLoggerListener.log OS Name:                           Windows 11
10-Sep-2024 15:08:36.174 INFO [main] org.apache.catalina.startup.VersionLoggerListener.log Versión de Systema Operativo:      10.0
10-Sep-2024 15:08:36.174 INFO [main] org.apache.catalina.startup.VersionLoggerListener.log Arquitectura:                      amd64
10-Sep-2024 15:08:36.175 INFO [main] org.apache.catalina.startup.VersionLoggerListener.log Java Home:                         C:\Program Files\Java\jdk-21
10-Sep-2024 15:08:36.175 INFO [main] org.apache.catalina.startup.VersionLoggerListener.log JVM Version:                       21.0.4+8-LTS-274
10-Sep-2024 15:08:36.175 INFO [main] org.apache.catalina.startup.VersionLoggerListener.log Vededor JVM:                       Oracle Corporation
10-Sep-2024 15:08:36.175 INFO [main] org.apache.catalina.startup.VersionLoggerListener.log CATALINA_BASE:                     C:\Proyectos\apache-tomcat-9.0.93-windows-x64\apache-tomcat-9.0.93
10-Sep-2024 15:08:36.175 INFO [main] org.apache.catalina.startup.VersionLoggerListener.log CATALINA_HOME:                     C:\Proyectos\apache-tomcat-9.0.93-windows-x64\apache-tomcat-9.0.93
10-Sep-2024 15:08:36.179 INFO [main] org.apache.catalina.startup.VersionLoggerListener.log Command line argument:             --add-opens=java.base/java.lang=ALL-UNNAMED
10-Sep-2024 15:08:36.179 INFO [main] org.apache.catalina.startup.VersionLoggerListener.log Command line argument:             --add-opens=java.base/java.io=ALL-UNNAMED
10-Sep-2024 15:08:36.180 INFO [main] org.apache.catalina.startup.VersionLoggerListener.log Command line argument:             --add-opens=java.base/java.util=ALL-UNNAMED
10-Sep-2024 15:08:36.180 INFO [main] org.apache.catalina.startup.VersionLoggerListener.log Command line argument:             --add-opens=java.base/java.util.concurrent=ALL-UNNAMED
10-Sep-2024 15:08:36.180 INFO [main] org.apache.catalina.startup.VersionLoggerListener.log Command line argument:             --add-opens=java.rmi/sun.rmi.transport=ALL-UNNAMED
10-Sep-2024 15:08:36.180 INFO [main] org.apache.catalina.startup.VersionLoggerListener.log Command line argument:             -Djava.util.logging.config.file=C:\Proyectos\apache-tomcat-9.0.93-windows-x64\apache-tomcat-9.0.93\conf\logging.properties
10-Sep-2024 15:08:36.180 INFO [main] org.apache.catalina.startup.VersionLoggerListener.log Command line argument:             -Djava.util.logging.manager=org.apache.juli.ClassLoaderLogManager
10-Sep-2024 15:08:36.180 INFO [main] org.apache.catalina.startup.VersionLoggerListener.log Command line argument:             -Djdk.tls.ephemeralDHKeySize=2048
10-Sep-2024 15:08:36.180 INFO [main] org.apache.catalina.startup.VersionLoggerListener.log Command line argument:             -Djava.protocol.handler.pkgs=org.apache.catalina.webresources
10-Sep-2024 15:08:36.180 INFO [main] org.apache.catalina.startup.VersionLoggerListener.log Command line argument:             -Dignore.endorsed.dirs=
10-Sep-2024 15:08:36.180 INFO [main] org.apache.catalina.startup.VersionLoggerListener.log Command line argument:             -Dcatalina.base=C:\Proyectos\apache-tomcat-9.0.93-windows-x64\apache-tomcat-9.0.93
10-Sep-2024 15:08:36.180 INFO [main] org.apache.catalina.startup.VersionLoggerListener.log Command line argument:             -Dcatalina.home=C:\Proyectos\apache-tomcat-9.0.93-windows-x64\apache-tomcat-9.0.93
10-Sep-2024 15:08:36.180 INFO [main] org.apache.catalina.startup.VersionLoggerListener.log Command line argument:             -Djava.io.tmpdir=C:\Proyectos\apache-tomcat-9.0.93-windows-x64\apache-tomcat-9.0.93\temp
10-Sep-2024 15:08:36.193 INFO [main] org.apache.catalina.core.AprLifecycleListener.lifecycleEvent Cargada la biblioteca nativa APR de Apache Tomcat [1.3.1] con la versión APR [1.7.4].
10-Sep-2024 15:08:36.194 INFO [main] org.apache.catalina.core.AprLifecycleListener.lifecycleEvent Capacidades APR: IPv6 [true], enviar fichero [true], aceptar filtros [false], aleatorio [true], UDS [true].
10-Sep-2024 15:08:36.194 INFO [main] org.apache.catalina.core.AprLifecycleListener.lifecycleEvent APR/OpenSSL configuration: useAprConnector [false], useOpenSSL [true]
10-Sep-2024 15:08:36.213 INFO [main] org.apache.catalina.core.AprLifecycleListener.initializeSSL OpenSSL inicializado correctamente [OpenSSL 3.0.14 4 Jun 2024]
10-Sep-2024 15:08:36.426 INFO [main] org.apache.coyote.AbstractProtocol.init Inicializando el manejador de protocolo ["http-nio-8080"]

10-Sep-2024 15:08:36.444 INFO [main] org.apache.catalina.startup.Catalina.load Server initialization in [443] milliseconds
10-Sep-2024 15:08:36.486 INFO [main] org.apache.catalina.core.StandardService.startInternal Arrancando servicio [Catalina]
10-Sep-2024 15:08:36.487 INFO [main] org.apache.catalina.core.StandardEngine.startInternal Starting Servlet engine: [Apache Tomcat/9.0.93]
10-Sep-2024 15:08:36.493 INFO [main] org.apache.catalina.startup.HostConfig.deployDescriptor Desplieque del descriptor de configuración [C:\Proyectos\apache-tomcat-9.0.93-windows-x64\apache-tomcat-9.0.93\conf\Catalina\localhost\calaWebpage1.xml]
10-Sep-2024 15:08:36.502 WARNING [main] org.apache.catalina.startup.HostConfig.deployDescriptor The path attribute with value [/calaWebpage1] in deployment descriptor [C:\Proyectos\apache-tomcat-9.0.93-windows-x64\apache-tomcat-9.0.93\conf\Catalina\localhost\calaWebpage1.xml] has been ignored
10-Sep-2024 15:08:36.738 INFO [main] org.apache.jasper.servlet.TldScanner.scanJars Al menos un JAR, que se ha explorado buscando TLDs, aún no contenía TLDs. Activar historial de depuración para este historiador para una completa lista de los JARs que fueron explorados y de los que nos se halló TLDs. Saltarse JARs no necesarios durante la exploración puede dar lugar a una mejora de tiempo significativa en el arranque y compilación de JSP .
10-Sep-2024 15:08:36.789 INFO [main] org.apache.catalina.startup.HostConfig.deployDescriptor Deployment of deployment descriptor [C:\Proyectos\apache-tomcat-9.0.93-windows-x64\apache-tomcat-9.0.93\conf\Catalina\localhost\calaWebpage1.xml] has finished in [294] ms
10-Sep-2024 15:08:36.790 INFO [main] org.apache.catalina.startup.HostConfig.deployDirectory Desplegando el directorio [C:\Proyectos\apache-tomcat-9.0.93-windows-x64\apache-tomcat-9.0.93\webapps\docs] de la aplicación web
10-Sep-2024 15:08:36.839 INFO [main] org.apache.jasper.servlet.TldScanner.scanJars Al menos un JAR, que se ha explorado buscando TLDs, aún no contenía TLDs. Activar historial de depuración para este historiador para una completa lista de los JARs que fueron explorados y de los que nos se halló TLDs. Saltarse JARs no necesarios durante la exploración puede dar lugar a una mejora de tiempo significativa en el arranque y compilación de JSP .
10-Sep-2024 15:08:36.841 INFO [main] org.apache.catalina.startup.HostConfig.deployDirectory Deployment of web application directory [C:\Proyectos\apache-tomcat-9.0.93-windows-x64\apache-tomcat-9.0.93\webapps\docs] has finished in [51] ms
10-Sep-2024 15:08:36.841 INFO [main] org.apache.catalina.startup.HostConfig.deployDirectory Desplegando el directorio [C:\Proyectos\apache-tomcat-9.0.93-windows-x64\apache-tomcat-9.0.93\webapps\examples] de la aplicación web
10-Sep-2024 15:08:37.070 INFO [main] org.apache.jasper.servlet.TldScanner.scanJars Al menos un JAR, que se ha explorado buscando TLDs, aún no contenía TLDs. Activar historial de depuración para este historiador para una completa lista de los JARs que fueron explorados y de los que nos se halló TLDs. Saltarse JARs no necesarios durante la exploración puede dar lugar a una mejora de tiempo significativa en el arranque y compilación de JSP .
10-Sep-2024 15:08:37.111 INFO [main] org.apache.catalina.startup.HostConfig.deployDirectory Deployment of web application directory [C:\Proyectos\apache-tomcat-9.0.93-windows-x64\apache-tomcat-9.0.93\webapps\examples] has finished in [270] ms
10-Sep-2024 15:08:37.112 INFO [main] org.apache.catalina.startup.HostConfig.deployDirectory Desplegando el directorio [C:\Proyectos\apache-tomcat-9.0.93-windows-x64\apache-tomcat-9.0.93\webapps\host-manager] de la aplicación web
10-Sep-2024 15:08:37.146 INFO [main] org.apache.jasper.servlet.TldScanner.scanJars Al menos un JAR, que se ha explorado buscando TLDs, aún no contenía TLDs. Activar historial de depuración para este historiador para una completa lista de los JARs que fueron explorados y de los que nos se halló TLDs. Saltarse JARs no necesarios durante la exploración puede dar lugar a una mejora de tiempo significativa en el arranque y compilación de JSP .
10-Sep-2024 15:08:37.151 INFO [main] org.apache.catalina.startup.HostConfig.deployDirectory Deployment of web application directory [C:\Proyectos\apache-tomcat-9.0.93-windows-x64\apache-tomcat-9.0.93\webapps\host-manager] has finished in [39] ms
10-Sep-2024 15:08:37.152 INFO [main] org.apache.catalina.startup.HostConfig.deployDirectory Desplegando el directorio [C:\Proyectos\apache-tomcat-9.0.93-windows-x64\apache-tomcat-9.0.93\webapps\manager] de la aplicación web
10-Sep-2024 15:08:37.195 INFO [main] org.apache.jasper.servlet.TldScanner.scanJars Al menos un JAR, que se ha explorado buscando TLDs, aún no contenía TLDs. Activar historial de depuración para este historiador para una completa lista de los JARs que fueron explorados y de los que nos se halló TLDs. Saltarse JARs no necesarios durante la exploración puede dar lugar a una mejora de tiempo significativa en el arranque y compilación de JSP .
10-Sep-2024 15:08:37.197 INFO [main] org.apache.catalina.startup.HostConfig.deployDirectory Deployment of web application directory [C:\Proyectos\apache-tomcat-9.0.93-windows-x64\apache-tomcat-9.0.93\webapps\manager] has finished in [45] ms
10-Sep-2024 15:08:37.198 INFO [main] org.apache.catalina.startup.HostConfig.deployDirectory Desplegando el directorio [C:\Proyectos\apache-tomcat-9.0.93-windows-x64\apache-tomcat-9.0.93\webapps\ROOT] de la aplicación web
10-Sep-2024 15:08:37.227 INFO [main] org.apache.jasper.servlet.TldScanner.scanJars Al menos un JAR, que se ha explorado buscando TLDs, aún no contenía TLDs. Activar historial de depuración para este historiador para una completa lista de los JARs que fueron explorados y de los que nos se halló TLDs. Saltarse JARs no necesarios durante la exploración puede dar lugar a una mejora de tiempo significativa en el arranque y compilación de JSP .
10-Sep-2024 15:08:37.229 INFO [main] org.apache.catalina.startup.HostConfig.deployDirectory Deployment of web application directory [C:\Proyectos\apache-tomcat-9.0.93-windows-x64\apache-tomcat-9.0.93\webapps\ROOT] has finished in [32] ms
10-Sep-2024 15:08:37.233 INFO [main] org.apache.coyote.AbstractProtocol.start Starting ProtocolHandler ["http-nio-8080"]
10-Sep-2024 15:08:37.250 INFO [main] org.apache.catalina.startup.Catalina.start Server startup in [805] milliseconds
10-Sep-2024 15:08:39.234 INFO [http-nio-8080-exec-1] org.apache.catalina.startup.HostConfig.undeploy Repliegue (undeploy) de la aplicación web que tiene como trayectoria de contexto [/calaWebpage1]
10-Sep-2024 15:08:39.265 INFO [http-nio-8080-exec-2] org.apache.catalina.startup.HostConfig.deployDescriptor Desplieque del descriptor de configuración [C:\Proyectos\apache-tomcat-9.0.93-windows-x64\apache-tomcat-9.0.93\conf\Catalina\localhost\calaWebpage1.xml]
10-Sep-2024 15:08:39.266 WARNING [http-nio-8080-exec-2] org.apache.catalina.startup.HostConfig.deployDescriptor The path attribute with value [/calaWebpage1] in deployment descriptor [C:\Proyectos\apache-tomcat-9.0.93-windows-x64\apache-tomcat-9.0.93\conf\Catalina\localhost\calaWebpage1.xml] has been ignored
10-Sep-2024 15:08:39.298 INFO [http-nio-8080-exec-2] org.apache.jasper.servlet.TldScanner.scanJars Al menos un JAR, que se ha explorado buscando TLDs, aún no contenía TLDs. Activar historial de depuración para este historiador para una completa lista de los JARs que fueron explorados y de los que nos se halló TLDs. Saltarse JARs no necesarios durante la exploración puede dar lugar a una mejora de tiempo significativa en el arranque y compilación de JSP .
10-Sep-2024 15:08:39.300 INFO [http-nio-8080-exec-2] org.apache.catalina.startup.HostConfig.deployDescriptor Deployment of deployment descriptor [C:\Proyectos\apache-tomcat-9.0.93-windows-x64\apache-tomcat-9.0.93\conf\Catalina\localhost\calaWebpage1.xml] has finished in [34] ms
10-Sep-2024 15:08:39.302 INFO [http-nio-8080-exec-8] org.apache.catalina.util.LifecycleBase.start The start() method was called on component [StandardEngine[Catalina].StandardHost[localhost].StandardContext[/calaWebpage1]] after start() had already been called. The second call will be ignored.
10-Sep-2024 15:12:14.370 INFO [main] org.apache.catalina.core.StandardServer.await Se ha recibido un comando de apagado a través del puerto de apagado. Parando la instancia del Servidor.
10-Sep-2024 15:12:14.371 INFO [main] org.apache.coyote.AbstractProtocol.pause Pausing ProtocolHandler ["http-nio-8080"]
10-Sep-2024 15:12:14.379 INFO [main] org.apache.catalina.core.StandardService.stopInternal Parando servicio [Catalina]
10-Sep-2024 15:12:14.418 INFO [main] org.apache.coyote.AbstractProtocol.stop Stopping ProtocolHandler ["http-nio-8080"]
10-Sep-2024 15:12:14.430 INFO [main] org.apache.coyote.AbstractProtocol.destroy Destroying ProtocolHandler ["http-nio-8080"]
