09-Sep-2024 15:21:58.939 INFO [main] org.apache.catalina.startup.VersionLoggerListener.log Nombre de la versión del servidor: Apache Tomcat/9.0.93
09-Sep-2024 15:21:58.943 INFO [main] org.apache.catalina.startup.VersionLoggerListener.log Server built:                      Aug 2 2024 21:24:59 UTC
09-Sep-2024 15:21:58.943 INFO [main] org.apache.catalina.startup.VersionLoggerListener.log Número de versión de servidor:     9.0.93.0
09-Sep-2024 15:21:58.943 INFO [main] org.apache.catalina.startup.VersionLoggerListener.log OS Name:                           Windows 11
09-Sep-2024 15:21:58.943 INFO [main] org.apache.catalina.startup.VersionLoggerListener.log Versión de Systema Operativo:      10.0
09-Sep-2024 15:21:58.943 INFO [main] org.apache.catalina.startup.VersionLoggerListener.log Arquitectura:                      amd64
09-Sep-2024 15:21:58.943 INFO [main] org.apache.catalina.startup.VersionLoggerListener.log Java Home:                         C:\Program Files\Java\jdk-21
09-Sep-2024 15:21:58.943 INFO [main] org.apache.catalina.startup.VersionLoggerListener.log JVM Version:                       21.0.4+8-LTS-274
09-Sep-2024 15:21:58.943 INFO [main] org.apache.catalina.startup.VersionLoggerListener.log Vededor JVM:                       Oracle Corporation
09-Sep-2024 15:21:58.943 INFO [main] org.apache.catalina.startup.VersionLoggerListener.log CATALINA_BASE:                     C:\Proyectos\apache-tomcat-9.0.93-windows-x64\apache-tomcat-9.0.93
09-Sep-2024 15:21:58.943 INFO [main] org.apache.catalina.startup.VersionLoggerListener.log CATALINA_HOME:                     C:\Proyectos\apache-tomcat-9.0.93-windows-x64\apache-tomcat-9.0.93
09-Sep-2024 15:21:58.949 INFO [main] org.apache.catalina.startup.VersionLoggerListener.log Command line argument:             --add-opens=java.base/java.lang=ALL-UNNAMED
09-Sep-2024 15:21:58.949 INFO [main] org.apache.catalina.startup.VersionLoggerListener.log Command line argument:             --add-opens=java.base/java.io=ALL-UNNAMED
09-Sep-2024 15:21:58.949 INFO [main] org.apache.catalina.startup.VersionLoggerListener.log Command line argument:             --add-opens=java.base/java.util=ALL-UNNAMED
09-Sep-2024 15:21:58.949 INFO [main] org.apache.catalina.startup.VersionLoggerListener.log Command line argument:             --add-opens=java.base/java.util.concurrent=ALL-UNNAMED
09-Sep-2024 15:21:58.949 INFO [main] org.apache.catalina.startup.VersionLoggerListener.log Command line argument:             --add-opens=java.rmi/sun.rmi.transport=ALL-UNNAMED
09-Sep-2024 15:21:58.949 INFO [main] org.apache.catalina.startup.VersionLoggerListener.log Command line argument:             -Djava.util.logging.config.file=C:\Proyectos\apache-tomcat-9.0.93-windows-x64\apache-tomcat-9.0.93\conf\logging.properties
09-Sep-2024 15:21:58.949 INFO [main] org.apache.catalina.startup.VersionLoggerListener.log Command line argument:             -Djava.util.logging.manager=org.apache.juli.ClassLoaderLogManager
09-Sep-2024 15:21:58.949 INFO [main] org.apache.catalina.startup.VersionLoggerListener.log Command line argument:             -Djdk.tls.ephemeralDHKeySize=2048
09-Sep-2024 15:21:58.949 INFO [main] org.apache.catalina.startup.VersionLoggerListener.log Command line argument:             -Djava.protocol.handler.pkgs=org.apache.catalina.webresources
09-Sep-2024 15:21:58.949 INFO [main] org.apache.catalina.startup.VersionLoggerListener.log Command line argument:             -Dignore.endorsed.dirs=
09-Sep-2024 15:21:58.949 INFO [main] org.apache.catalina.startup.VersionLoggerListener.log Command line argument:             -Dcatalina.base=C:\Proyectos\apache-tomcat-9.0.93-windows-x64\apache-tomcat-9.0.93
09-Sep-2024 15:21:58.949 INFO [main] org.apache.catalina.startup.VersionLoggerListener.log Command line argument:             -Dcatalina.home=C:\Proyectos\apache-tomcat-9.0.93-windows-x64\apache-tomcat-9.0.93
09-Sep-2024 15:21:58.950 INFO [main] org.apache.catalina.startup.VersionLoggerListener.log Command line argument:             -Djava.io.tmpdir=C:\Proyectos\apache-tomcat-9.0.93-windows-x64\apache-tomcat-9.0.93\temp
09-Sep-2024 15:21:58.956 INFO [main] org.apache.catalina.core.AprLifecycleListener.lifecycleEvent Cargada la biblioteca nativa APR de Apache Tomcat [1.3.1] con la versión APR [1.7.4].
09-Sep-2024 15:21:58.956 INFO [main] org.apache.catalina.core.AprLifecycleListener.lifecycleEvent Capacidades APR: IPv6 [true], enviar fichero [true], aceptar filtros [false], aleatorio [true], UDS [true].
09-Sep-2024 15:21:58.957 INFO [main] org.apache.catalina.core.AprLifecycleListener.lifecycleEvent APR/OpenSSL configuration: useAprConnector [false], useOpenSSL [true]
09-Sep-2024 15:21:58.976 INFO [main] org.apache.catalina.core.AprLifecycleListener.initializeSSL OpenSSL inicializado correctamente [OpenSSL 3.0.14 4 Jun 2024]
09-Sep-2024 15:21:59.226 INFO [main] org.apache.coyote.AbstractProtocol.init Inicializando el manejador de protocolo ["http-nio-8080"]

09-Sep-2024 15:21:59.250 INFO [main] org.apache.catalina.startup.Catalina.load Server initialization in [478] milliseconds
09-Sep-2024 15:21:59.315 INFO [main] org.apache.catalina.core.StandardService.startInternal Arrancando servicio [Catalina]
09-Sep-2024 15:21:59.315 INFO [main] org.apache.catalina.core.StandardEngine.startInternal Starting Servlet engine: [Apache Tomcat/9.0.93]
09-Sep-2024 15:21:59.323 INFO [main] org.apache.catalina.startup.HostConfig.deployDescriptor Desplieque del descriptor de configuración [C:\Proyectos\apache-tomcat-9.0.93-windows-x64\apache-tomcat-9.0.93\conf\Catalina\localhost\calaWebpage1.xml]
09-Sep-2024 15:21:59.337 WARNING [main] org.apache.catalina.startup.HostConfig.deployDescriptor The path attribute with value [/calaWebpage1] in deployment descriptor [C:\Proyectos\apache-tomcat-9.0.93-windows-x64\apache-tomcat-9.0.93\conf\Catalina\localhost\calaWebpage1.xml] has been ignored
09-Sep-2024 15:21:59.616 INFO [main] org.apache.jasper.servlet.TldScanner.scanJars Al menos un JAR, que se ha explorado buscando TLDs, aún no contenía TLDs. Activar historial de depuración para este historiador para una completa lista de los JARs que fueron explorados y de los que nos se halló TLDs. Saltarse JARs no necesarios durante la exploración puede dar lugar a una mejora de tiempo significativa en el arranque y compilación de JSP .
09-Sep-2024 15:21:59.664 INFO [main] org.apache.catalina.startup.HostConfig.deployDescriptor Deployment of deployment descriptor [C:\Proyectos\apache-tomcat-9.0.93-windows-x64\apache-tomcat-9.0.93\conf\Catalina\localhost\calaWebpage1.xml] has finished in [339] ms
09-Sep-2024 15:21:59.664 INFO [main] org.apache.catalina.startup.HostConfig.deployDirectory Desplegando el directorio [C:\Proyectos\apache-tomcat-9.0.93-windows-x64\apache-tomcat-9.0.93\webapps\docs] de la aplicación web
09-Sep-2024 15:21:59.719 INFO [main] org.apache.jasper.servlet.TldScanner.scanJars Al menos un JAR, que se ha explorado buscando TLDs, aún no contenía TLDs. Activar historial de depuración para este historiador para una completa lista de los JARs que fueron explorados y de los que nos se halló TLDs. Saltarse JARs no necesarios durante la exploración puede dar lugar a una mejora de tiempo significativa en el arranque y compilación de JSP .
09-Sep-2024 15:21:59.721 INFO [main] org.apache.catalina.startup.HostConfig.deployDirectory Deployment of web application directory [C:\Proyectos\apache-tomcat-9.0.93-windows-x64\apache-tomcat-9.0.93\webapps\docs] has finished in [57] ms
09-Sep-2024 15:21:59.721 INFO [main] org.apache.catalina.startup.HostConfig.deployDirectory Desplegando el directorio [C:\Proyectos\apache-tomcat-9.0.93-windows-x64\apache-tomcat-9.0.93\webapps\examples] de la aplicación web
09-Sep-2024 15:22:00.006 INFO [main] org.apache.jasper.servlet.TldScanner.scanJars Al menos un JAR, que se ha explorado buscando TLDs, aún no contenía TLDs. Activar historial de depuración para este historiador para una completa lista de los JARs que fueron explorados y de los que nos se halló TLDs. Saltarse JARs no necesarios durante la exploración puede dar lugar a una mejora de tiempo significativa en el arranque y compilación de JSP .
09-Sep-2024 15:22:00.055 INFO [main] org.apache.catalina.startup.HostConfig.deployDirectory Deployment of web application directory [C:\Proyectos\apache-tomcat-9.0.93-windows-x64\apache-tomcat-9.0.93\webapps\examples] has finished in [334] ms
09-Sep-2024 15:22:00.055 INFO [main] org.apache.catalina.startup.HostConfig.deployDirectory Desplegando el directorio [C:\Proyectos\apache-tomcat-9.0.93-windows-x64\apache-tomcat-9.0.93\webapps\host-manager] de la aplicación web
09-Sep-2024 15:22:00.091 INFO [main] org.apache.jasper.servlet.TldScanner.scanJars Al menos un JAR, que se ha explorado buscando TLDs, aún no contenía TLDs. Activar historial de depuración para este historiador para una completa lista de los JARs que fueron explorados y de los que nos se halló TLDs. Saltarse JARs no necesarios durante la exploración puede dar lugar a una mejora de tiempo significativa en el arranque y compilación de JSP .
09-Sep-2024 15:22:00.096 INFO [main] org.apache.catalina.startup.HostConfig.deployDirectory Deployment of web application directory [C:\Proyectos\apache-tomcat-9.0.93-windows-x64\apache-tomcat-9.0.93\webapps\host-manager] has finished in [41] ms
09-Sep-2024 15:22:00.096 INFO [main] org.apache.catalina.startup.HostConfig.deployDirectory Desplegando el directorio [C:\Proyectos\apache-tomcat-9.0.93-windows-x64\apache-tomcat-9.0.93\webapps\manager] de la aplicación web
09-Sep-2024 15:22:00.135 INFO [main] org.apache.jasper.servlet.TldScanner.scanJars Al menos un JAR, que se ha explorado buscando TLDs, aún no contenía TLDs. Activar historial de depuración para este historiador para una completa lista de los JARs que fueron explorados y de los que nos se halló TLDs. Saltarse JARs no necesarios durante la exploración puede dar lugar a una mejora de tiempo significativa en el arranque y compilación de JSP .
09-Sep-2024 15:22:00.140 INFO [main] org.apache.catalina.startup.HostConfig.deployDirectory Deployment of web application directory [C:\Proyectos\apache-tomcat-9.0.93-windows-x64\apache-tomcat-9.0.93\webapps\manager] has finished in [44] ms
09-Sep-2024 15:22:00.140 INFO [main] org.apache.catalina.startup.HostConfig.deployDirectory Desplegando el directorio [C:\Proyectos\apache-tomcat-9.0.93-windows-x64\apache-tomcat-9.0.93\webapps\ROOT] de la aplicación web
09-Sep-2024 15:22:00.168 INFO [main] org.apache.jasper.servlet.TldScanner.scanJars Al menos un JAR, que se ha explorado buscando TLDs, aún no contenía TLDs. Activar historial de depuración para este historiador para una completa lista de los JARs que fueron explorados y de los que nos se halló TLDs. Saltarse JARs no necesarios durante la exploración puede dar lugar a una mejora de tiempo significativa en el arranque y compilación de JSP .
09-Sep-2024 15:22:00.170 INFO [main] org.apache.catalina.startup.HostConfig.deployDirectory Deployment of web application directory [C:\Proyectos\apache-tomcat-9.0.93-windows-x64\apache-tomcat-9.0.93\webapps\ROOT] has finished in [30] ms
09-Sep-2024 15:22:00.174 INFO [main] org.apache.coyote.AbstractProtocol.start Starting ProtocolHandler ["http-nio-8080"]
09-Sep-2024 15:22:00.193 INFO [main] org.apache.catalina.startup.Catalina.start Server startup in [942] milliseconds
09-Sep-2024 15:22:02.338 INFO [http-nio-8080-exec-9] org.apache.catalina.startup.HostConfig.undeploy Repliegue (undeploy) de la aplicación web que tiene como trayectoria de contexto [/calaWebpage1]
09-Sep-2024 15:22:02.366 INFO [http-nio-8080-exec-6] org.apache.catalina.startup.HostConfig.deployDescriptor Desplieque del descriptor de configuración [C:\Proyectos\apache-tomcat-9.0.93-windows-x64\apache-tomcat-9.0.93\conf\Catalina\localhost\calaWebpage1.xml]
09-Sep-2024 15:22:02.367 WARNING [http-nio-8080-exec-6] org.apache.catalina.startup.HostConfig.deployDescriptor The path attribute with value [/calaWebpage1] in deployment descriptor [C:\Proyectos\apache-tomcat-9.0.93-windows-x64\apache-tomcat-9.0.93\conf\Catalina\localhost\calaWebpage1.xml] has been ignored
09-Sep-2024 15:22:02.406 INFO [http-nio-8080-exec-6] org.apache.jasper.servlet.TldScanner.scanJars Al menos un JAR, que se ha explorado buscando TLDs, aún no contenía TLDs. Activar historial de depuración para este historiador para una completa lista de los JARs que fueron explorados y de los que nos se halló TLDs. Saltarse JARs no necesarios durante la exploración puede dar lugar a una mejora de tiempo significativa en el arranque y compilación de JSP .
09-Sep-2024 15:22:02.410 INFO [http-nio-8080-exec-6] org.apache.catalina.startup.HostConfig.deployDescriptor Deployment of deployment descriptor [C:\Proyectos\apache-tomcat-9.0.93-windows-x64\apache-tomcat-9.0.93\conf\Catalina\localhost\calaWebpage1.xml] has finished in [44] ms
09-Sep-2024 15:22:02.413 INFO [http-nio-8080-exec-1] org.apache.catalina.util.LifecycleBase.start The start() method was called on component [StandardEngine[Catalina].StandardHost[localhost].StandardContext[/calaWebpage1]] after start() had already been called. The second call will be ignored.
09-Sep-2024 15:22:16.632 INFO [main] org.apache.catalina.core.StandardServer.await Se ha recibido un comando de apagado a través del puerto de apagado. Parando la instancia del Servidor.
09-Sep-2024 15:22:16.632 INFO [main] org.apache.coyote.AbstractProtocol.pause Pausing ProtocolHandler ["http-nio-8080"]
09-Sep-2024 15:22:16.636 INFO [main] org.apache.catalina.core.StandardService.stopInternal Parando servicio [Catalina]
09-Sep-2024 15:22:16.648 INFO [main] org.apache.coyote.AbstractProtocol.stop Stopping ProtocolHandler ["http-nio-8080"]
09-Sep-2024 15:22:16.662 INFO [main] org.apache.coyote.AbstractProtocol.destroy Destroying ProtocolHandler ["http-nio-8080"]
