05-Sep-2024 15:59:46.026 INFO [main] org.apache.catalina.startup.VersionLoggerListener.log Nombre de la versión del servidor: Apache Tomcat/9.0.93
05-Sep-2024 15:59:46.030 INFO [main] org.apache.catalina.startup.VersionLoggerListener.log Server built:                      Aug 2 2024 21:24:59 UTC
05-Sep-2024 15:59:46.031 INFO [main] org.apache.catalina.startup.VersionLoggerListener.log Número de versión de servidor:     9.0.93.0
05-Sep-2024 15:59:46.031 INFO [main] org.apache.catalina.startup.VersionLoggerListener.log OS Name:                           Windows 11
05-Sep-2024 15:59:46.031 INFO [main] org.apache.catalina.startup.VersionLoggerListener.log Versión de Systema Operativo:      10.0
05-Sep-2024 15:59:46.031 INFO [main] org.apache.catalina.startup.VersionLoggerListener.log Arquitectura:                      amd64
05-Sep-2024 15:59:46.031 INFO [main] org.apache.catalina.startup.VersionLoggerListener.log Java Home:                         C:\Program Files\Java\jdk-21
05-Sep-2024 15:59:46.032 INFO [main] org.apache.catalina.startup.VersionLoggerListener.log JVM Version:                       21.0.4+8-LTS-274
05-Sep-2024 15:59:46.032 INFO [main] org.apache.catalina.startup.VersionLoggerListener.log Vededor JVM:                       Oracle Corporation
05-Sep-2024 15:59:46.032 INFO [main] org.apache.catalina.startup.VersionLoggerListener.log CATALINA_BASE:                     C:\Proyectos\apache-tomcat-9.0.93-windows-x64\apache-tomcat-9.0.93
05-Sep-2024 15:59:46.032 INFO [main] org.apache.catalina.startup.VersionLoggerListener.log CATALINA_HOME:                     C:\Proyectos\apache-tomcat-9.0.93-windows-x64\apache-tomcat-9.0.93
05-Sep-2024 15:59:46.042 INFO [main] org.apache.catalina.startup.VersionLoggerListener.log Command line argument:             --add-opens=java.base/java.lang=ALL-UNNAMED
05-Sep-2024 15:59:46.042 INFO [main] org.apache.catalina.startup.VersionLoggerListener.log Command line argument:             --add-opens=java.base/java.io=ALL-UNNAMED
05-Sep-2024 15:59:46.042 INFO [main] org.apache.catalina.startup.VersionLoggerListener.log Command line argument:             --add-opens=java.base/java.util=ALL-UNNAMED
05-Sep-2024 15:59:46.042 INFO [main] org.apache.catalina.startup.VersionLoggerListener.log Command line argument:             --add-opens=java.base/java.util.concurrent=ALL-UNNAMED
05-Sep-2024 15:59:46.042 INFO [main] org.apache.catalina.startup.VersionLoggerListener.log Command line argument:             --add-opens=java.rmi/sun.rmi.transport=ALL-UNNAMED
05-Sep-2024 15:59:46.043 INFO [main] org.apache.catalina.startup.VersionLoggerListener.log Command line argument:             -Djava.util.logging.config.file=C:\Proyectos\apache-tomcat-9.0.93-windows-x64\apache-tomcat-9.0.93\conf\logging.properties
05-Sep-2024 15:59:46.043 INFO [main] org.apache.catalina.startup.VersionLoggerListener.log Command line argument:             -Djava.util.logging.manager=org.apache.juli.ClassLoaderLogManager
05-Sep-2024 15:59:46.043 INFO [main] org.apache.catalina.startup.VersionLoggerListener.log Command line argument:             -Djdk.tls.ephemeralDHKeySize=2048
05-Sep-2024 15:59:46.043 INFO [main] org.apache.catalina.startup.VersionLoggerListener.log Command line argument:             -Djava.protocol.handler.pkgs=org.apache.catalina.webresources
05-Sep-2024 15:59:46.043 INFO [main] org.apache.catalina.startup.VersionLoggerListener.log Command line argument:             -Dignore.endorsed.dirs=
05-Sep-2024 15:59:46.043 INFO [main] org.apache.catalina.startup.VersionLoggerListener.log Command line argument:             -Dcatalina.base=C:\Proyectos\apache-tomcat-9.0.93-windows-x64\apache-tomcat-9.0.93
05-Sep-2024 15:59:46.043 INFO [main] org.apache.catalina.startup.VersionLoggerListener.log Command line argument:             -Dcatalina.home=C:\Proyectos\apache-tomcat-9.0.93-windows-x64\apache-tomcat-9.0.93
05-Sep-2024 15:59:46.043 INFO [main] org.apache.catalina.startup.VersionLoggerListener.log Command line argument:             -Djava.io.tmpdir=C:\Proyectos\apache-tomcat-9.0.93-windows-x64\apache-tomcat-9.0.93\temp
05-Sep-2024 15:59:48.355 INFO [main] org.apache.catalina.core.AprLifecycleListener.lifecycleEvent Cargada la biblioteca nativa APR de Apache Tomcat [1.3.1] con la versión APR [1.7.4].
05-Sep-2024 15:59:48.355 INFO [main] org.apache.catalina.core.AprLifecycleListener.lifecycleEvent Capacidades APR: IPv6 [true], enviar fichero [true], aceptar filtros [false], aleatorio [true], UDS [true].
05-Sep-2024 15:59:48.356 INFO [main] org.apache.catalina.core.AprLifecycleListener.lifecycleEvent APR/OpenSSL configuration: useAprConnector [false], useOpenSSL [true]
05-Sep-2024 15:59:48.365 INFO [main] org.apache.catalina.core.AprLifecycleListener.initializeSSL OpenSSL inicializado correctamente [OpenSSL 3.0.14 4 Jun 2024]
05-Sep-2024 15:59:48.746 INFO [main] org.apache.coyote.AbstractProtocol.init Inicializando el manejador de protocolo ["http-nio-8080"]

05-Sep-2024 15:59:48.778 INFO [main] org.apache.catalina.startup.Catalina.load Server initialization in [2991] milliseconds
05-Sep-2024 15:59:48.846 INFO [main] org.apache.catalina.core.StandardService.startInternal Arrancando servicio [Catalina]
05-Sep-2024 15:59:48.846 INFO [main] org.apache.catalina.core.StandardEngine.startInternal Starting Servlet engine: [Apache Tomcat/9.0.93]
05-Sep-2024 15:59:48.861 INFO [main] org.apache.catalina.startup.HostConfig.deployDirectory Desplegando el directorio [C:\Proyectos\apache-tomcat-9.0.93-windows-x64\apache-tomcat-9.0.93\webapps\docs] de la aplicación web
05-Sep-2024 15:59:49.230 INFO [main] org.apache.jasper.servlet.TldScanner.scanJars Al menos un JAR, que se ha explorado buscando TLDs, aún no contenía TLDs. Activar historial de depuración para este historiador para una completa lista de los JARs que fueron explorados y de los que nos se halló TLDs. Saltarse JARs no necesarios durante la exploración puede dar lugar a una mejora de tiempo significativa en el arranque y compilación de JSP .
05-Sep-2024 15:59:49.302 INFO [main] org.apache.catalina.startup.HostConfig.deployDirectory Deployment of web application directory [C:\Proyectos\apache-tomcat-9.0.93-windows-x64\apache-tomcat-9.0.93\webapps\docs] has finished in [438] ms
05-Sep-2024 15:59:49.303 INFO [main] org.apache.catalina.startup.HostConfig.deployDirectory Desplegando el directorio [C:\Proyectos\apache-tomcat-9.0.93-windows-x64\apache-tomcat-9.0.93\webapps\examples] de la aplicación web
05-Sep-2024 15:59:49.697 INFO [main] org.apache.jasper.servlet.TldScanner.scanJars Al menos un JAR, que se ha explorado buscando TLDs, aún no contenía TLDs. Activar historial de depuración para este historiador para una completa lista de los JARs que fueron explorados y de los que nos se halló TLDs. Saltarse JARs no necesarios durante la exploración puede dar lugar a una mejora de tiempo significativa en el arranque y compilación de JSP .
05-Sep-2024 15:59:49.760 INFO [main] org.apache.catalina.startup.HostConfig.deployDirectory Deployment of web application directory [C:\Proyectos\apache-tomcat-9.0.93-windows-x64\apache-tomcat-9.0.93\webapps\examples] has finished in [458] ms
05-Sep-2024 15:59:49.760 INFO [main] org.apache.catalina.startup.HostConfig.deployDirectory Desplegando el directorio [C:\Proyectos\apache-tomcat-9.0.93-windows-x64\apache-tomcat-9.0.93\webapps\host-manager] de la aplicación web
05-Sep-2024 15:59:49.826 INFO [main] org.apache.jasper.servlet.TldScanner.scanJars Al menos un JAR, que se ha explorado buscando TLDs, aún no contenía TLDs. Activar historial de depuración para este historiador para una completa lista de los JARs que fueron explorados y de los que nos se halló TLDs. Saltarse JARs no necesarios durante la exploración puede dar lugar a una mejora de tiempo significativa en el arranque y compilación de JSP .
05-Sep-2024 15:59:49.835 INFO [main] org.apache.catalina.startup.HostConfig.deployDirectory Deployment of web application directory [C:\Proyectos\apache-tomcat-9.0.93-windows-x64\apache-tomcat-9.0.93\webapps\host-manager] has finished in [74] ms
05-Sep-2024 15:59:49.835 INFO [main] org.apache.catalina.startup.HostConfig.deployDirectory Desplegando el directorio [C:\Proyectos\apache-tomcat-9.0.93-windows-x64\apache-tomcat-9.0.93\webapps\manager] de la aplicación web
05-Sep-2024 15:59:49.894 INFO [main] org.apache.jasper.servlet.TldScanner.scanJars Al menos un JAR, que se ha explorado buscando TLDs, aún no contenía TLDs. Activar historial de depuración para este historiador para una completa lista de los JARs que fueron explorados y de los que nos se halló TLDs. Saltarse JARs no necesarios durante la exploración puede dar lugar a una mejora de tiempo significativa en el arranque y compilación de JSP .
05-Sep-2024 15:59:49.898 INFO [main] org.apache.catalina.startup.HostConfig.deployDirectory Deployment of web application directory [C:\Proyectos\apache-tomcat-9.0.93-windows-x64\apache-tomcat-9.0.93\webapps\manager] has finished in [63] ms
05-Sep-2024 15:59:49.898 INFO [main] org.apache.catalina.startup.HostConfig.deployDirectory Desplegando el directorio [C:\Proyectos\apache-tomcat-9.0.93-windows-x64\apache-tomcat-9.0.93\webapps\ROOT] de la aplicación web
05-Sep-2024 15:59:49.950 INFO [main] org.apache.jasper.servlet.TldScanner.scanJars Al menos un JAR, que se ha explorado buscando TLDs, aún no contenía TLDs. Activar historial de depuración para este historiador para una completa lista de los JARs que fueron explorados y de los que nos se halló TLDs. Saltarse JARs no necesarios durante la exploración puede dar lugar a una mejora de tiempo significativa en el arranque y compilación de JSP .
05-Sep-2024 15:59:49.953 INFO [main] org.apache.catalina.startup.HostConfig.deployDirectory Deployment of web application directory [C:\Proyectos\apache-tomcat-9.0.93-windows-x64\apache-tomcat-9.0.93\webapps\ROOT] has finished in [54] ms
05-Sep-2024 15:59:49.960 INFO [main] org.apache.coyote.AbstractProtocol.start Starting ProtocolHandler ["http-nio-8080"]
05-Sep-2024 15:59:49.987 INFO [main] org.apache.catalina.startup.Catalina.start Server startup in [1207] milliseconds
05-Sep-2024 15:59:55.190 INFO [http-nio-8080-exec-9] org.apache.catalina.startup.HostConfig.deployDescriptor Desplieque del descriptor de configuración [C:\Proyectos\apache-tomcat-9.0.93-windows-x64\apache-tomcat-9.0.93\conf\Catalina\localhost\calaWebpage1.xml]
05-Sep-2024 15:59:55.192 WARNING [http-nio-8080-exec-9] org.apache.catalina.startup.HostConfig.deployDescriptor The path attribute with value [/calaWebpage1] in deployment descriptor [C:\Proyectos\apache-tomcat-9.0.93-windows-x64\apache-tomcat-9.0.93\conf\Catalina\localhost\calaWebpage1.xml] has been ignored
05-Sep-2024 15:59:55.273 INFO [http-nio-8080-exec-9] org.apache.jasper.servlet.TldScanner.scanJars Al menos un JAR, que se ha explorado buscando TLDs, aún no contenía TLDs. Activar historial de depuración para este historiador para una completa lista de los JARs que fueron explorados y de los que nos se halló TLDs. Saltarse JARs no necesarios durante la exploración puede dar lugar a una mejora de tiempo significativa en el arranque y compilación de JSP .
05-Sep-2024 15:59:55.281 INFO [http-nio-8080-exec-9] org.apache.catalina.startup.HostConfig.deployDescriptor Deployment of deployment descriptor [C:\Proyectos\apache-tomcat-9.0.93-windows-x64\apache-tomcat-9.0.93\conf\Catalina\localhost\calaWebpage1.xml] has finished in [91] ms
05-Sep-2024 15:59:55.284 INFO [http-nio-8080-exec-8] org.apache.catalina.util.LifecycleBase.start The start() method was called on component [StandardEngine[Catalina].StandardHost[localhost].StandardContext[/calaWebpage1]] after start() had already been called. The second call will be ignored.
05-Sep-2024 16:00:04.549 INFO [main] org.apache.catalina.core.StandardServer.await Se ha recibido un comando de apagado a través del puerto de apagado. Parando la instancia del Servidor.
05-Sep-2024 16:00:04.549 INFO [main] org.apache.coyote.AbstractProtocol.pause Pausing ProtocolHandler ["http-nio-8080"]
05-Sep-2024 16:00:04.555 INFO [main] org.apache.catalina.core.StandardService.stopInternal Parando servicio [Catalina]
05-Sep-2024 16:00:04.596 INFO [main] org.apache.coyote.AbstractProtocol.stop Stopping ProtocolHandler ["http-nio-8080"]
05-Sep-2024 16:00:04.600 INFO [main] org.apache.coyote.AbstractProtocol.destroy Destroying ProtocolHandler ["http-nio-8080"]
